0 info it worked if it ends with ok
1 verbose cli [ 'node',
1 verbose cli   '/usr/local/bin/npm',
1 verbose cli   'update',
1 verbose cli   '-g',
1 verbose cli   'generator-angular' ]
2 info using npm@1.3.21
3 info using node@v0.10.24
4 verbose url raw generator-angular/latest
5 verbose url resolving [ 'https://registry.npmjs.org/', './generator-angular/latest' ]
6 verbose url resolved https://registry.npmjs.org/generator-angular/latest
7 info trying registry request attempt 1 at 14:15:07
8 verbose etag "CQLQA4YL54KKIL4K6EKEA4QWK"
9 http GET https://registry.npmjs.org/generator-angular/latest
10 http 200 https://registry.npmjs.org/generator-angular/latest
11 silly registry.get cb [ 200,
11 silly registry.get   { date: 'Sun, 30 Mar 2014 21:15:18 GMT',
11 silly registry.get     server: 'CouchDB/1.5.0 (Erlang OTP/R14B04)',
11 silly registry.get     etag: '"EWZBWA927QPW5GKRIIK1W4DWV"',
11 silly registry.get     'content-type': 'application/json',
11 silly registry.get     via: '1.1 varnish',
11 silly registry.get     'cache-control': 'max-age=1',
11 silly registry.get     'content-length': '1606',
11 silly registry.get     'accept-ranges': 'bytes',
11 silly registry.get     age: '3311',
11 silly registry.get     'x-served-by': 'cache-v42-ASH, cache-lax1425-LAX',
11 silly registry.get     'x-cache': 'MISS, MISS',
11 silly registry.get     'x-cache-hits': '0, 0',
11 silly registry.get     'x-timer': 'S1396214118.732236385,VS0,VS32,VE114,VE146',
11 silly registry.get     vary: 'Accept',
11 silly registry.get     'keep-alive': 'timeout=10, max=50',
11 silly registry.get     connection: 'Keep-Alive' } ]
12 verbose cache add [ 'generator-angular', '*' ]
13 verbose cache add name="generator-angular" spec="*" args=["generator-angular","*"]
14 verbose parsed url { protocol: null,
14 verbose parsed url   slashes: null,
14 verbose parsed url   auth: null,
14 verbose parsed url   host: null,
14 verbose parsed url   port: null,
14 verbose parsed url   hostname: null,
14 verbose parsed url   hash: null,
14 verbose parsed url   search: null,
14 verbose parsed url   query: null,
14 verbose parsed url   pathname: '*',
14 verbose parsed url   path: '*',
14 verbose parsed url   href: '*' }
15 verbose addNamed [ 'generator-angular', '*' ]
16 verbose addNamed [ null, '*' ]
17 silly lockFile dfab20f3-generator-angular generator-angular@*
18 verbose lock generator-angular@* /Users/jonniespratley/.npm/dfab20f3-generator-angular.lock
19 silly addNameRange { name: 'generator-angular', range: '*', hasData: false }
20 verbose url raw generator-angular
21 verbose url resolving [ 'https://registry.npmjs.org/', './generator-angular' ]
22 verbose url resolved https://registry.npmjs.org/generator-angular
23 info trying registry request attempt 1 at 14:15:42
24 verbose etag "CQLQA4YL54KKIL4K6EKEA4QWK"
25 http GET https://registry.npmjs.org/generator-angular
26 http 200 https://registry.npmjs.org/generator-angular
27 silly registry.get cb [ 200,
27 silly registry.get   { date: 'Sun, 30 Mar 2014 21:15:43 GMT',
27 silly registry.get     server: 'CouchDB/1.5.0 (Erlang OTP/R14B04)',
27 silly registry.get     etag: '"EWZBWA927QPW5GKRIIK1W4DWV"',
27 silly registry.get     'content-type': 'application/json',
27 silly registry.get     via: '1.1 varnish',
27 silly registry.get     'cache-control': 'max-age=1',
27 silly registry.get     'content-length': '38533',
27 silly registry.get     'accept-ranges': 'bytes',
27 silly registry.get     age: '0',
27 silly registry.get     'x-served-by': 'cache-v43-ASH, cache-sv62-SJC3',
27 silly registry.get     'x-cache': 'MISS, MISS',
27 silly registry.get     'x-cache-hits': '0, 0',
27 silly registry.get     'x-timer': 'S1396214143.496024847,VS0,VS110,VE382,VE493',
27 silly registry.get     vary: 'Accept',
27 silly registry.get     'keep-alive': 'timeout=10, max=50',
27 silly registry.get     connection: 'Keep-Alive' } ]
28 silly addNameRange number 2 { name: 'generator-angular', range: '*', hasData: true }
29 silly addNameRange versions [ 'generator-angular',
29 silly addNameRange   [ '0.1.0',
29 silly addNameRange     '0.1.1',
29 silly addNameRange     '0.1.2',
29 silly addNameRange     '0.1.3',
29 silly addNameRange     '0.1.4',
29 silly addNameRange     '0.1.5',
29 silly addNameRange     '0.2.0',
29 silly addNameRange     '0.2.1',
29 silly addNameRange     '0.2.2',
29 silly addNameRange     '0.3.0',
29 silly addNameRange     '0.3.1',
29 silly addNameRange     '0.4.0',
29 silly addNameRange     '0.5.0',
29 silly addNameRange     '0.5.1',
29 silly addNameRange     '0.6.0-rc.1',
29 silly addNameRange     '0.6.0-rc.2',
29 silly addNameRange     '0.6.0',
29 silly addNameRange     '0.7.0',
29 silly addNameRange     '0.7.1',
29 silly addNameRange     '0.8.0' ] ]
30 verbose addNamed [ 'generator-angular', '0.8.0' ]
31 verbose addNamed [ '0.8.0', '0.8.0' ]
32 silly lockFile bc782c38-generator-angular-0-8-0 generator-angular@0.8.0
33 verbose lock generator-angular@0.8.0 /Users/jonniespratley/.npm/bc782c38-generator-angular-0-8-0.lock
34 silly lockFile 81dc0b01-ular-generator-angular-0-8-0-tgz https://registry.npmjs.org/generator-angular/-/generator-angular-0.8.0.tgz
35 verbose lock https://registry.npmjs.org/generator-angular/-/generator-angular-0.8.0.tgz /Users/jonniespratley/.npm/81dc0b01-ular-generator-angular-0-8-0-tgz.lock
36 verbose addRemoteTarball [ 'https://registry.npmjs.org/generator-angular/-/generator-angular-0.8.0.tgz',
36 verbose addRemoteTarball   'c2115b1a7a304b884b7f8857cade77dc36b63d13' ]
37 info retry fetch attempt 1 at 14:15:44
38 verbose fetch to= /var/folders/mz/45_gqj796617htnbqlxzk4440000gn/T/npm-5561-rifVngx3/1396214144203-0.6555154521483928/tmp.tgz
39 http GET https://registry.npmjs.org/generator-angular/-/generator-angular-0.8.0.tgz
40 http 200 https://registry.npmjs.org/generator-angular/-/generator-angular-0.8.0.tgz
41 verbose tar unpack /var/folders/mz/45_gqj796617htnbqlxzk4440000gn/T/npm-5561-rifVngx3/1396214144203-0.6555154521483928/tmp.tgz
42 silly lockFile f721f6e6-44203-0-6555154521483928-package tar:///var/folders/mz/45_gqj796617htnbqlxzk4440000gn/T/npm-5561-rifVngx3/1396214144203-0.6555154521483928/package
43 verbose lock tar:///var/folders/mz/45_gqj796617htnbqlxzk4440000gn/T/npm-5561-rifVngx3/1396214144203-0.6555154521483928/package /Users/jonniespratley/.npm/f721f6e6-44203-0-6555154521483928-package.lock
44 silly lockFile d328783e-44203-0-6555154521483928-tmp-tgz tar:///var/folders/mz/45_gqj796617htnbqlxzk4440000gn/T/npm-5561-rifVngx3/1396214144203-0.6555154521483928/tmp.tgz
45 verbose lock tar:///var/folders/mz/45_gqj796617htnbqlxzk4440000gn/T/npm-5561-rifVngx3/1396214144203-0.6555154521483928/tmp.tgz /Users/jonniespratley/.npm/d328783e-44203-0-6555154521483928-tmp-tgz.lock
46 silly gunzTarPerm modes [ '755', '644' ]
47 silly gunzTarPerm extractEntry package.json
48 silly gunzTarPerm extractEntry .npmignore
49 silly gunzTarPerm extractEntry Gruntfile.js
50 silly gunzTarPerm extractEntry script-base.js
51 silly gunzTarPerm extractEntry util.js
52 silly gunzTarPerm extractEntry factory/index.js
53 silly gunzTarPerm extractEntry factory/USAGE
54 silly gunzTarPerm extractEntry .jshintrc
55 silly gunzTarPerm extractEntry app/index.js
56 silly gunzTarPerm extractEntry app/USAGE
57 silly gunzTarPerm extractEntry app/index.js.orig
58 silly gunzTarPerm extractEntry app/templates/fonts/glyphicons-halflings-regular.eot
59 silly gunzTarPerm extractEntry app/templates/fonts/glyphicons-halflings-regular.svg
60 silly gunzTarPerm extractEntry app/templates/fonts/glyphicons-halflings-regular.ttf
61 silly gunzTarPerm extractEntry app/templates/fonts/glyphicons-halflings-regular.woff
62 silly gunzTarPerm extractEntry app/templates/images/yeoman.png
63 silly gunzTarPerm extractEntry app/templates/styles/main.css
64 silly gunzTarPerm extractEntry app/templates/styles/main.scss
65 silly gunzTarPerm extractEntry common/index.js
66 silly gunzTarPerm extractEntry constant/index.js
67 silly gunzTarPerm extractEntry constant/USAGE
68 silly gunzTarPerm extractEntry contributing.md
69 silly gunzTarPerm extractEntry controller/index.js
70 silly gunzTarPerm extractEntry controller/USAGE
71 silly gunzTarPerm extractEntry decorator/index.js
72 silly gunzTarPerm extractEntry decorator/USAGE
73 silly gunzTarPerm extractEntry directive/index.js
74 silly gunzTarPerm extractEntry directive/USAGE
75 silly gunzTarPerm extractEntry .gitattributes
76 silly gunzTarPerm extractEntry filter/index.js
77 silly gunzTarPerm extractEntry filter/USAGE
78 silly gunzTarPerm extractEntry main/index.js
79 silly gunzTarPerm extractEntry .editorconfig
80 silly gunzTarPerm extractEntry provider/index.js
81 silly gunzTarPerm extractEntry provider/USAGE
82 silly gunzTarPerm extractEntry readme.md
83 silly gunzTarPerm extractEntry route/index.js
84 silly gunzTarPerm extractEntry route/USAGE
85 silly gunzTarPerm extractEntry .travis.yml
86 silly gunzTarPerm extractEntry service/index.js
87 silly gunzTarPerm extractEntry service/USAGE
88 silly gunzTarPerm extractEntry templates/coffeescript/app.coffee
89 silly gunzTarPerm extractEntry templates/coffeescript/controller.coffee
90 silly gunzTarPerm extractEntry templates/coffeescript/decorator.coffee
91 silly gunzTarPerm extractEntry templates/coffeescript/directive.coffee
92 silly gunzTarPerm extractEntry templates/coffeescript/filter.coffee
93 silly gunzTarPerm extractEntry templates/coffeescript/service/constant.coffee
94 silly gunzTarPerm extractEntry templates/coffeescript/service/factory.coffee
95 silly gunzTarPerm extractEntry templates/coffeescript/service/provider.coffee
96 silly gunzTarPerm extractEntry templates/coffeescript/service/service.coffee
97 silly gunzTarPerm extractEntry templates/coffeescript/service/value.coffee
98 silly gunzTarPerm extractEntry templates/coffeescript/spec/controller.coffee
99 silly gunzTarPerm extractEntry templates/coffeescript/spec/directive.coffee
100 silly gunzTarPerm extractEntry templates/coffeescript/spec/filter.coffee
101 silly gunzTarPerm extractEntry templates/coffeescript/spec/service.coffee
102 silly gunzTarPerm extractEntry templates/common/Gruntfile.js
103 silly gunzTarPerm extractEntry templates/common/_bower.json
104 silly gunzTarPerm extractEntry templates/common/_package.json
105 silly gunzTarPerm extractEntry templates/common/gitignore
106 silly gunzTarPerm extractEntry templates/common/index.html
107 silly gunzTarPerm extractEntry templates/common/root/.bowerrc
108 silly gunzTarPerm extractEntry templates/common/root/.editorconfig
109 silly gunzTarPerm extractEntry templates/common/root/.gitattributes
110 silly gunzTarPerm extractEntry templates/common/root/.jshintrc
111 silly gunzTarPerm extractEntry templates/common/root/app/.buildignore
112 silly gunzTarPerm extractEntry templates/common/root/app/.htaccess
113 silly gunzTarPerm extractEntry templates/common/root/app/404.html
114 silly gunzTarPerm extractEntry templates/common/root/app/favicon.ico
115 silly gunzTarPerm extractEntry templates/common/root/app/robots.txt
116 silly gunzTarPerm extractEntry templates/common/root/app/views/main.html
117 silly gunzTarPerm extractEntry templates/common/root/test/.jshintrc
118 silly gunzTarPerm extractEntry templates/common/root/test/runner.html
119 silly gunzTarPerm extractEntry templates/common/view.html
120 silly gunzTarPerm extractEntry templates/javascript/app.js
121 silly gunzTarPerm extractEntry templates/javascript/controller.js
122 silly gunzTarPerm extractEntry templates/javascript/decorator.js
123 silly gunzTarPerm extractEntry templates/javascript/directive.js
124 silly gunzTarPerm extractEntry templates/javascript/filter.js
125 silly gunzTarPerm extractEntry templates/javascript/service/constant.js
126 silly gunzTarPerm extractEntry templates/javascript/service/factory.js
127 silly gunzTarPerm extractEntry templates/javascript/service/provider.js
128 silly gunzTarPerm extractEntry templates/javascript/service/service.js
129 silly gunzTarPerm extractEntry templates/javascript/service/value.js
130 silly gunzTarPerm extractEntry templates/javascript/spec/controller.js
131 silly gunzTarPerm extractEntry templates/javascript/spec/directive.js
132 silly gunzTarPerm extractEntry templates/javascript/spec/filter.js
133 silly gunzTarPerm extractEntry templates/javascript/spec/service.js
134 silly gunzTarPerm extractEntry test/test-appname-substitution.js
135 silly gunzTarPerm extractEntry test/test-file-creation.js
136 silly gunzTarPerm extractEntry CHANGELOG.md
137 silly gunzTarPerm extractEntry value/index.js
138 silly gunzTarPerm extractEntry value/USAGE
139 silly gunzTarPerm extractEntry view/index.js
140 silly gunzTarPerm extractEntry view/USAGE
141 silly lockFile f721f6e6-44203-0-6555154521483928-package tar:///var/folders/mz/45_gqj796617htnbqlxzk4440000gn/T/npm-5561-rifVngx3/1396214144203-0.6555154521483928/package
142 silly lockFile f721f6e6-44203-0-6555154521483928-package tar:///var/folders/mz/45_gqj796617htnbqlxzk4440000gn/T/npm-5561-rifVngx3/1396214144203-0.6555154521483928/package
143 silly lockFile d328783e-44203-0-6555154521483928-tmp-tgz tar:///var/folders/mz/45_gqj796617htnbqlxzk4440000gn/T/npm-5561-rifVngx3/1396214144203-0.6555154521483928/tmp.tgz
144 silly lockFile d328783e-44203-0-6555154521483928-tmp-tgz tar:///var/folders/mz/45_gqj796617htnbqlxzk4440000gn/T/npm-5561-rifVngx3/1396214144203-0.6555154521483928/tmp.tgz
145 verbose tar pack [ '/Users/jonniespratley/.npm/generator-angular/0.8.0/package.tgz',
145 verbose tar pack   '/var/folders/mz/45_gqj796617htnbqlxzk4440000gn/T/npm-5561-rifVngx3/1396214144203-0.6555154521483928/package' ]
146 verbose tarball /Users/jonniespratley/.npm/generator-angular/0.8.0/package.tgz
147 verbose folder /var/folders/mz/45_gqj796617htnbqlxzk4440000gn/T/npm-5561-rifVngx3/1396214144203-0.6555154521483928/package
148 silly lockFile f721f6e6-44203-0-6555154521483928-package tar:///var/folders/mz/45_gqj796617htnbqlxzk4440000gn/T/npm-5561-rifVngx3/1396214144203-0.6555154521483928/package
149 verbose lock tar:///var/folders/mz/45_gqj796617htnbqlxzk4440000gn/T/npm-5561-rifVngx3/1396214144203-0.6555154521483928/package /Users/jonniespratley/.npm/f721f6e6-44203-0-6555154521483928-package.lock
150 silly lockFile 70e8053f-erator-angular-0-8-0-package-tgz tar:///Users/jonniespratley/.npm/generator-angular/0.8.0/package.tgz
151 verbose lock tar:///Users/jonniespratley/.npm/generator-angular/0.8.0/package.tgz /Users/jonniespratley/.npm/70e8053f-erator-angular-0-8-0-package-tgz.lock
152 silly lockFile f721f6e6-44203-0-6555154521483928-package tar:///var/folders/mz/45_gqj796617htnbqlxzk4440000gn/T/npm-5561-rifVngx3/1396214144203-0.6555154521483928/package
153 silly lockFile f721f6e6-44203-0-6555154521483928-package tar:///var/folders/mz/45_gqj796617htnbqlxzk4440000gn/T/npm-5561-rifVngx3/1396214144203-0.6555154521483928/package
154 silly lockFile 70e8053f-erator-angular-0-8-0-package-tgz tar:///Users/jonniespratley/.npm/generator-angular/0.8.0/package.tgz
155 silly lockFile 70e8053f-erator-angular-0-8-0-package-tgz tar:///Users/jonniespratley/.npm/generator-angular/0.8.0/package.tgz
156 silly lockFile 8c34b82c--generator-angular-0-8-0-package /Users/jonniespratley/.npm/generator-angular/0.8.0/package
157 verbose lock /Users/jonniespratley/.npm/generator-angular/0.8.0/package /Users/jonniespratley/.npm/8c34b82c--generator-angular-0-8-0-package.lock
158 silly lockFile 8c34b82c--generator-angular-0-8-0-package /Users/jonniespratley/.npm/generator-angular/0.8.0/package
159 silly lockFile 8c34b82c--generator-angular-0-8-0-package /Users/jonniespratley/.npm/generator-angular/0.8.0/package
160 verbose tar unpack /Users/jonniespratley/.npm/generator-angular/0.8.0/package.tgz
161 silly lockFile af60ad86--generator-angular-0-8-0-package tar:///Users/jonniespratley/.npm/generator-angular/0.8.0/package
162 verbose lock tar:///Users/jonniespratley/.npm/generator-angular/0.8.0/package /Users/jonniespratley/.npm/af60ad86--generator-angular-0-8-0-package.lock
163 silly lockFile 70e8053f-erator-angular-0-8-0-package-tgz tar:///Users/jonniespratley/.npm/generator-angular/0.8.0/package.tgz
164 verbose lock tar:///Users/jonniespratley/.npm/generator-angular/0.8.0/package.tgz /Users/jonniespratley/.npm/70e8053f-erator-angular-0-8-0-package-tgz.lock
165 silly gunzTarPerm modes [ '755', '644' ]
166 silly gunzTarPerm extractEntry package.json
167 silly gunzTarPerm extractEntry .npmignore
168 silly gunzTarPerm extractEntry Gruntfile.js
169 silly gunzTarPerm extractEntry script-base.js
170 silly gunzTarPerm extractEntry util.js
171 silly gunzTarPerm extractEntry factory/index.js
172 silly gunzTarPerm extractEntry factory/USAGE
173 silly gunzTarPerm extractEntry .jshintrc
174 silly gunzTarPerm extractEntry app/index.js
175 silly gunzTarPerm extractEntry app/USAGE
176 silly gunzTarPerm extractEntry app/index.js.orig
177 silly gunzTarPerm extractEntry app/templates/fonts/glyphicons-halflings-regular.eot
178 silly gunzTarPerm extractEntry app/templates/fonts/glyphicons-halflings-regular.svg
179 silly gunzTarPerm extractEntry app/templates/fonts/glyphicons-halflings-regular.ttf
180 silly gunzTarPerm extractEntry app/templates/fonts/glyphicons-halflings-regular.woff
181 silly gunzTarPerm extractEntry app/templates/images/yeoman.png
182 silly gunzTarPerm extractEntry app/templates/styles/main.css
183 silly gunzTarPerm extractEntry app/templates/styles/main.scss
184 silly gunzTarPerm extractEntry common/index.js
185 silly gunzTarPerm extractEntry constant/index.js
186 silly gunzTarPerm extractEntry constant/USAGE
187 silly gunzTarPerm extractEntry contributing.md
188 silly gunzTarPerm extractEntry controller/index.js
189 silly gunzTarPerm extractEntry controller/USAGE
190 silly gunzTarPerm extractEntry decorator/index.js
191 silly gunzTarPerm extractEntry decorator/USAGE
192 silly gunzTarPerm extractEntry directive/index.js
193 silly gunzTarPerm extractEntry directive/USAGE
194 silly gunzTarPerm extractEntry .gitattributes
195 silly gunzTarPerm extractEntry filter/index.js
196 silly gunzTarPerm extractEntry filter/USAGE
197 silly gunzTarPerm extractEntry main/index.js
198 silly gunzTarPerm extractEntry .editorconfig
199 silly gunzTarPerm extractEntry provider/index.js
200 silly gunzTarPerm extractEntry provider/USAGE
201 silly gunzTarPerm extractEntry readme.md
202 silly gunzTarPerm extractEntry route/index.js
203 silly gunzTarPerm extractEntry route/USAGE
204 silly gunzTarPerm extractEntry .travis.yml
205 silly gunzTarPerm extractEntry service/index.js
206 silly gunzTarPerm extractEntry service/USAGE
207 silly gunzTarPerm extractEntry templates/coffeescript/app.coffee
208 silly gunzTarPerm extractEntry templates/coffeescript/controller.coffee
209 silly gunzTarPerm extractEntry templates/coffeescript/decorator.coffee
210 silly gunzTarPerm extractEntry templates/coffeescript/directive.coffee
211 silly gunzTarPerm extractEntry templates/coffeescript/filter.coffee
212 silly gunzTarPerm extractEntry templates/coffeescript/service/constant.coffee
213 silly gunzTarPerm extractEntry templates/coffeescript/service/factory.coffee
214 silly gunzTarPerm extractEntry templates/coffeescript/service/provider.coffee
215 silly gunzTarPerm extractEntry templates/coffeescript/service/service.coffee
216 silly gunzTarPerm extractEntry templates/coffeescript/service/value.coffee
217 silly gunzTarPerm extractEntry templates/coffeescript/spec/controller.coffee
218 silly gunzTarPerm extractEntry templates/coffeescript/spec/directive.coffee
219 silly gunzTarPerm extractEntry templates/coffeescript/spec/filter.coffee
220 silly gunzTarPerm extractEntry templates/coffeescript/spec/service.coffee
221 silly gunzTarPerm extractEntry templates/common/Gruntfile.js
222 silly gunzTarPerm extractEntry templates/common/_bower.json
223 silly gunzTarPerm extractEntry templates/common/_package.json
224 silly gunzTarPerm extractEntry templates/common/gitignore
225 silly gunzTarPerm extractEntry templates/common/index.html
226 silly gunzTarPerm extractEntry templates/common/root/.bowerrc
227 silly gunzTarPerm extractEntry templates/common/root/.editorconfig
228 silly gunzTarPerm extractEntry templates/common/root/.gitattributes
229 silly gunzTarPerm extractEntry templates/common/root/.jshintrc
230 silly gunzTarPerm extractEntry templates/common/root/app/.buildignore
231 silly gunzTarPerm extractEntry templates/common/root/app/.htaccess
232 silly gunzTarPerm extractEntry templates/common/root/app/404.html
233 silly gunzTarPerm extractEntry templates/common/root/app/favicon.ico
234 silly gunzTarPerm extractEntry templates/common/root/app/robots.txt
235 silly gunzTarPerm extractEntry templates/common/root/app/views/main.html
236 silly gunzTarPerm extractEntry templates/common/root/test/.jshintrc
237 silly gunzTarPerm extractEntry templates/common/root/test/runner.html
238 silly gunzTarPerm extractEntry templates/common/view.html
239 silly gunzTarPerm extractEntry templates/javascript/app.js
240 silly gunzTarPerm extractEntry templates/javascript/controller.js
241 silly gunzTarPerm extractEntry templates/javascript/decorator.js
242 silly gunzTarPerm extractEntry templates/javascript/directive.js
243 silly gunzTarPerm extractEntry templates/javascript/filter.js
244 silly gunzTarPerm extractEntry templates/javascript/service/constant.js
245 silly gunzTarPerm extractEntry templates/javascript/service/factory.js
246 silly gunzTarPerm extractEntry templates/javascript/service/provider.js
247 silly gunzTarPerm extractEntry templates/javascript/service/service.js
248 silly gunzTarPerm extractEntry templates/javascript/service/value.js
249 silly gunzTarPerm extractEntry templates/javascript/spec/controller.js
250 silly gunzTarPerm extractEntry templates/javascript/spec/directive.js
251 silly gunzTarPerm extractEntry templates/javascript/spec/filter.js
252 silly gunzTarPerm extractEntry templates/javascript/spec/service.js
253 silly gunzTarPerm extractEntry test/test-appname-substitution.js
254 silly gunzTarPerm extractEntry test/test-file-creation.js
255 silly gunzTarPerm extractEntry CHANGELOG.md
256 silly gunzTarPerm extractEntry value/index.js
257 silly gunzTarPerm extractEntry value/USAGE
258 silly gunzTarPerm extractEntry view/index.js
259 silly gunzTarPerm extractEntry view/USAGE
260 silly lockFile af60ad86--generator-angular-0-8-0-package tar:///Users/jonniespratley/.npm/generator-angular/0.8.0/package
261 silly lockFile af60ad86--generator-angular-0-8-0-package tar:///Users/jonniespratley/.npm/generator-angular/0.8.0/package
262 silly lockFile 70e8053f-erator-angular-0-8-0-package-tgz tar:///Users/jonniespratley/.npm/generator-angular/0.8.0/package.tgz
263 silly lockFile 70e8053f-erator-angular-0-8-0-package-tgz tar:///Users/jonniespratley/.npm/generator-angular/0.8.0/package.tgz
264 verbose chmod /Users/jonniespratley/.npm/generator-angular/0.8.0/package.tgz 644
265 verbose chown /Users/jonniespratley/.npm/generator-angular/0.8.0/package.tgz [ 501, 20 ]
266 silly lockFile 81dc0b01-ular-generator-angular-0-8-0-tgz https://registry.npmjs.org/generator-angular/-/generator-angular-0.8.0.tgz
267 silly lockFile 81dc0b01-ular-generator-angular-0-8-0-tgz https://registry.npmjs.org/generator-angular/-/generator-angular-0.8.0.tgz
268 silly lockFile bc782c38-generator-angular-0-8-0 generator-angular@0.8.0
269 silly lockFile bc782c38-generator-angular-0-8-0 generator-angular@0.8.0
270 silly lockFile dfab20f3-generator-angular generator-angular@*
271 silly lockFile dfab20f3-generator-angular generator-angular@*
272 info outdated updating [ [ '/usr/local/lib',
272 info outdated     'generator-angular',
272 info outdated     '0.7.1',
272 info outdated     '0.8.0',
272 info outdated     '0.8.0',
272 info outdated     '*' ] ]
273 verbose install where,what [ '/usr/local/lib', [ 'generator-angular@0.8.0' ] ]
274 verbose cache add [ 'generator-angular@0.8.0', null ]
275 verbose cache add name=undefined spec="generator-angular@0.8.0" args=["generator-angular@0.8.0",null]
276 verbose parsed url { protocol: null,
276 verbose parsed url   slashes: null,
276 verbose parsed url   auth: null,
276 verbose parsed url   host: null,
276 verbose parsed url   port: null,
276 verbose parsed url   hostname: null,
276 verbose parsed url   hash: null,
276 verbose parsed url   search: null,
276 verbose parsed url   query: null,
276 verbose parsed url   pathname: 'generator-angular@0.8.0',
276 verbose parsed url   path: 'generator-angular@0.8.0',
276 verbose parsed url   href: 'generator-angular@0.8.0' }
277 verbose cache add name="generator-angular" spec="0.8.0" args=["generator-angular","0.8.0"]
278 verbose parsed url { protocol: null,
278 verbose parsed url   slashes: null,
278 verbose parsed url   auth: null,
278 verbose parsed url   host: null,
278 verbose parsed url   port: null,
278 verbose parsed url   hostname: null,
278 verbose parsed url   hash: null,
278 verbose parsed url   search: null,
278 verbose parsed url   query: null,
278 verbose parsed url   pathname: '0.8.0',
278 verbose parsed url   path: '0.8.0',
278 verbose parsed url   href: '0.8.0' }
279 verbose addNamed [ 'generator-angular', '0.8.0' ]
280 verbose addNamed [ '0.8.0', '0.8.0' ]
281 silly lockFile bc782c38-generator-angular-0-8-0 generator-angular@0.8.0
282 verbose lock generator-angular@0.8.0 /Users/jonniespratley/.npm/bc782c38-generator-angular-0-8-0.lock
283 verbose url raw generator-angular/0.8.0
284 verbose url resolving [ 'https://registry.npmjs.org/', './generator-angular/0.8.0' ]
285 verbose url resolved https://registry.npmjs.org/generator-angular/0.8.0
286 info trying registry request attempt 1 at 14:15:45
287 http GET https://registry.npmjs.org/generator-angular/0.8.0
288 http 200 https://registry.npmjs.org/generator-angular/0.8.0
289 silly registry.get cb [ 200,
289 silly registry.get   { date: 'Sun, 30 Mar 2014 21:15:45 GMT',
289 silly registry.get     server: 'CouchDB/1.5.0 (Erlang OTP/R16B)',
289 silly registry.get     etag: '"EWZBWA927QPW5GKRIIK1W4DWV"',
289 silly registry.get     'content-type': 'application/json',
289 silly registry.get     via: '1.1 varnish',
289 silly registry.get     'cache-control': 'max-age=1',
289 silly registry.get     'content-length': '1606',
289 silly registry.get     'accept-ranges': 'bytes',
289 silly registry.get     age: '0',
289 silly registry.get     'x-served-by': 'cache-v37-ASH, cache-sv62-SJC3',
289 silly registry.get     'x-cache': 'MISS, MISS',
289 silly registry.get     'x-cache-hits': '0, 0',
289 silly registry.get     'x-timer': 'S1396214145.566320896,VS0,VS38,VE127,VE165',
289 silly registry.get     vary: 'Accept',
289 silly registry.get     'keep-alive': 'timeout=10, max=50',
289 silly registry.get     connection: 'Keep-Alive' } ]
290 silly lockFile 81dc0b01-ular-generator-angular-0-8-0-tgz https://registry.npmjs.org/generator-angular/-/generator-angular-0.8.0.tgz
291 verbose lock https://registry.npmjs.org/generator-angular/-/generator-angular-0.8.0.tgz /Users/jonniespratley/.npm/81dc0b01-ular-generator-angular-0-8-0-tgz.lock
292 verbose addRemoteTarball [ 'https://registry.npmjs.org/generator-angular/-/generator-angular-0.8.0.tgz',
292 verbose addRemoteTarball   'c2115b1a7a304b884b7f8857cade77dc36b63d13' ]
293 info retry fetch attempt 1 at 14:15:45
294 verbose fetch to= /var/folders/mz/45_gqj796617htnbqlxzk4440000gn/T/npm-5561-rifVngx3/1396214145846-0.4046113381627947/tmp.tgz
295 http GET https://registry.npmjs.org/generator-angular/-/generator-angular-0.8.0.tgz
296 http 200 https://registry.npmjs.org/generator-angular/-/generator-angular-0.8.0.tgz
297 verbose tar unpack /var/folders/mz/45_gqj796617htnbqlxzk4440000gn/T/npm-5561-rifVngx3/1396214145846-0.4046113381627947/tmp.tgz
298 silly lockFile e480a2e3-45846-0-4046113381627947-package tar:///var/folders/mz/45_gqj796617htnbqlxzk4440000gn/T/npm-5561-rifVngx3/1396214145846-0.4046113381627947/package
299 verbose lock tar:///var/folders/mz/45_gqj796617htnbqlxzk4440000gn/T/npm-5561-rifVngx3/1396214145846-0.4046113381627947/package /Users/jonniespratley/.npm/e480a2e3-45846-0-4046113381627947-package.lock
300 silly lockFile 8a5a7517-45846-0-4046113381627947-tmp-tgz tar:///var/folders/mz/45_gqj796617htnbqlxzk4440000gn/T/npm-5561-rifVngx3/1396214145846-0.4046113381627947/tmp.tgz
301 verbose lock tar:///var/folders/mz/45_gqj796617htnbqlxzk4440000gn/T/npm-5561-rifVngx3/1396214145846-0.4046113381627947/tmp.tgz /Users/jonniespratley/.npm/8a5a7517-45846-0-4046113381627947-tmp-tgz.lock
302 silly gunzTarPerm modes [ '755', '644' ]
303 silly gunzTarPerm extractEntry package.json
304 silly gunzTarPerm extractEntry .npmignore
305 silly gunzTarPerm extractEntry Gruntfile.js
306 silly gunzTarPerm extractEntry script-base.js
307 silly gunzTarPerm extractEntry util.js
308 silly gunzTarPerm extractEntry factory/index.js
309 silly gunzTarPerm extractEntry factory/USAGE
310 silly gunzTarPerm extractEntry .jshintrc
311 silly gunzTarPerm extractEntry app/index.js
312 silly gunzTarPerm extractEntry app/USAGE
313 silly gunzTarPerm extractEntry app/index.js.orig
314 silly gunzTarPerm extractEntry app/templates/fonts/glyphicons-halflings-regular.eot
315 silly gunzTarPerm extractEntry app/templates/fonts/glyphicons-halflings-regular.svg
316 silly gunzTarPerm extractEntry app/templates/fonts/glyphicons-halflings-regular.ttf
317 silly gunzTarPerm extractEntry app/templates/fonts/glyphicons-halflings-regular.woff
318 silly gunzTarPerm extractEntry app/templates/images/yeoman.png
319 silly gunzTarPerm extractEntry app/templates/styles/main.css
320 silly gunzTarPerm extractEntry app/templates/styles/main.scss
321 silly gunzTarPerm extractEntry common/index.js
322 silly gunzTarPerm extractEntry constant/index.js
323 silly gunzTarPerm extractEntry constant/USAGE
324 silly gunzTarPerm extractEntry contributing.md
325 silly gunzTarPerm extractEntry controller/index.js
326 silly gunzTarPerm extractEntry controller/USAGE
327 silly gunzTarPerm extractEntry decorator/index.js
328 silly gunzTarPerm extractEntry decorator/USAGE
329 silly gunzTarPerm extractEntry directive/index.js
330 silly gunzTarPerm extractEntry directive/USAGE
331 silly gunzTarPerm extractEntry .gitattributes
332 silly gunzTarPerm extractEntry filter/index.js
333 silly gunzTarPerm extractEntry filter/USAGE
334 silly gunzTarPerm extractEntry main/index.js
335 silly gunzTarPerm extractEntry .editorconfig
336 silly gunzTarPerm extractEntry provider/index.js
337 silly gunzTarPerm extractEntry provider/USAGE
338 silly gunzTarPerm extractEntry readme.md
339 silly gunzTarPerm extractEntry route/index.js
340 silly gunzTarPerm extractEntry route/USAGE
341 silly gunzTarPerm extractEntry .travis.yml
342 silly gunzTarPerm extractEntry service/index.js
343 silly gunzTarPerm extractEntry service/USAGE
344 silly gunzTarPerm extractEntry templates/coffeescript/app.coffee
345 silly gunzTarPerm extractEntry templates/coffeescript/controller.coffee
346 silly gunzTarPerm extractEntry templates/coffeescript/decorator.coffee
347 silly gunzTarPerm extractEntry templates/coffeescript/directive.coffee
348 silly gunzTarPerm extractEntry templates/coffeescript/filter.coffee
349 silly gunzTarPerm extractEntry templates/coffeescript/service/constant.coffee
350 silly gunzTarPerm extractEntry templates/coffeescript/service/factory.coffee
351 silly gunzTarPerm extractEntry templates/coffeescript/service/provider.coffee
352 silly gunzTarPerm extractEntry templates/coffeescript/service/service.coffee
353 silly gunzTarPerm extractEntry templates/coffeescript/service/value.coffee
354 silly gunzTarPerm extractEntry templates/coffeescript/spec/controller.coffee
355 silly gunzTarPerm extractEntry templates/coffeescript/spec/directive.coffee
356 silly gunzTarPerm extractEntry templates/coffeescript/spec/filter.coffee
357 silly gunzTarPerm extractEntry templates/coffeescript/spec/service.coffee
358 silly gunzTarPerm extractEntry templates/common/Gruntfile.js
359 silly gunzTarPerm extractEntry templates/common/_bower.json
360 silly gunzTarPerm extractEntry templates/common/_package.json
361 silly gunzTarPerm extractEntry templates/common/gitignore
362 silly gunzTarPerm extractEntry templates/common/index.html
363 silly gunzTarPerm extractEntry templates/common/root/.bowerrc
364 silly gunzTarPerm extractEntry templates/common/root/.editorconfig
365 silly gunzTarPerm extractEntry templates/common/root/.gitattributes
366 silly gunzTarPerm extractEntry templates/common/root/.jshintrc
367 silly gunzTarPerm extractEntry templates/common/root/app/.buildignore
368 silly gunzTarPerm extractEntry templates/common/root/app/.htaccess
369 silly gunzTarPerm extractEntry templates/common/root/app/404.html
370 silly gunzTarPerm extractEntry templates/common/root/app/favicon.ico
371 silly gunzTarPerm extractEntry templates/common/root/app/robots.txt
372 silly gunzTarPerm extractEntry templates/common/root/app/views/main.html
373 silly gunzTarPerm extractEntry templates/common/root/test/.jshintrc
374 silly gunzTarPerm extractEntry templates/common/root/test/runner.html
375 silly gunzTarPerm extractEntry templates/common/view.html
376 silly gunzTarPerm extractEntry templates/javascript/app.js
377 silly gunzTarPerm extractEntry templates/javascript/controller.js
378 silly gunzTarPerm extractEntry templates/javascript/decorator.js
379 silly gunzTarPerm extractEntry templates/javascript/directive.js
380 silly gunzTarPerm extractEntry templates/javascript/filter.js
381 silly gunzTarPerm extractEntry templates/javascript/service/constant.js
382 silly gunzTarPerm extractEntry templates/javascript/service/factory.js
383 silly gunzTarPerm extractEntry templates/javascript/service/provider.js
384 silly gunzTarPerm extractEntry templates/javascript/service/service.js
385 silly gunzTarPerm extractEntry templates/javascript/service/value.js
386 silly gunzTarPerm extractEntry templates/javascript/spec/controller.js
387 silly gunzTarPerm extractEntry templates/javascript/spec/directive.js
388 silly gunzTarPerm extractEntry templates/javascript/spec/filter.js
389 silly gunzTarPerm extractEntry templates/javascript/spec/service.js
390 silly gunzTarPerm extractEntry test/test-appname-substitution.js
391 silly gunzTarPerm extractEntry test/test-file-creation.js
392 silly gunzTarPerm extractEntry CHANGELOG.md
393 silly gunzTarPerm extractEntry value/index.js
394 silly gunzTarPerm extractEntry value/USAGE
395 silly gunzTarPerm extractEntry view/index.js
396 silly gunzTarPerm extractEntry view/USAGE
397 silly lockFile e480a2e3-45846-0-4046113381627947-package tar:///var/folders/mz/45_gqj796617htnbqlxzk4440000gn/T/npm-5561-rifVngx3/1396214145846-0.4046113381627947/package
398 silly lockFile e480a2e3-45846-0-4046113381627947-package tar:///var/folders/mz/45_gqj796617htnbqlxzk4440000gn/T/npm-5561-rifVngx3/1396214145846-0.4046113381627947/package
399 silly lockFile 8a5a7517-45846-0-4046113381627947-tmp-tgz tar:///var/folders/mz/45_gqj796617htnbqlxzk4440000gn/T/npm-5561-rifVngx3/1396214145846-0.4046113381627947/tmp.tgz
400 silly lockFile 8a5a7517-45846-0-4046113381627947-tmp-tgz tar:///var/folders/mz/45_gqj796617htnbqlxzk4440000gn/T/npm-5561-rifVngx3/1396214145846-0.4046113381627947/tmp.tgz
401 verbose tar pack [ '/Users/jonniespratley/.npm/generator-angular/0.8.0/package.tgz',
401 verbose tar pack   '/var/folders/mz/45_gqj796617htnbqlxzk4440000gn/T/npm-5561-rifVngx3/1396214145846-0.4046113381627947/package' ]
402 verbose tarball /Users/jonniespratley/.npm/generator-angular/0.8.0/package.tgz
403 verbose folder /var/folders/mz/45_gqj796617htnbqlxzk4440000gn/T/npm-5561-rifVngx3/1396214145846-0.4046113381627947/package
404 silly lockFile e480a2e3-45846-0-4046113381627947-package tar:///var/folders/mz/45_gqj796617htnbqlxzk4440000gn/T/npm-5561-rifVngx3/1396214145846-0.4046113381627947/package
405 verbose lock tar:///var/folders/mz/45_gqj796617htnbqlxzk4440000gn/T/npm-5561-rifVngx3/1396214145846-0.4046113381627947/package /Users/jonniespratley/.npm/e480a2e3-45846-0-4046113381627947-package.lock
406 silly lockFile 70e8053f-erator-angular-0-8-0-package-tgz tar:///Users/jonniespratley/.npm/generator-angular/0.8.0/package.tgz
407 verbose lock tar:///Users/jonniespratley/.npm/generator-angular/0.8.0/package.tgz /Users/jonniespratley/.npm/70e8053f-erator-angular-0-8-0-package-tgz.lock
408 silly lockFile e480a2e3-45846-0-4046113381627947-package tar:///var/folders/mz/45_gqj796617htnbqlxzk4440000gn/T/npm-5561-rifVngx3/1396214145846-0.4046113381627947/package
409 silly lockFile e480a2e3-45846-0-4046113381627947-package tar:///var/folders/mz/45_gqj796617htnbqlxzk4440000gn/T/npm-5561-rifVngx3/1396214145846-0.4046113381627947/package
410 silly lockFile 70e8053f-erator-angular-0-8-0-package-tgz tar:///Users/jonniespratley/.npm/generator-angular/0.8.0/package.tgz
411 silly lockFile 70e8053f-erator-angular-0-8-0-package-tgz tar:///Users/jonniespratley/.npm/generator-angular/0.8.0/package.tgz
412 silly lockFile 8c34b82c--generator-angular-0-8-0-package /Users/jonniespratley/.npm/generator-angular/0.8.0/package
413 verbose lock /Users/jonniespratley/.npm/generator-angular/0.8.0/package /Users/jonniespratley/.npm/8c34b82c--generator-angular-0-8-0-package.lock
414 silly lockFile 8c34b82c--generator-angular-0-8-0-package /Users/jonniespratley/.npm/generator-angular/0.8.0/package
415 silly lockFile 8c34b82c--generator-angular-0-8-0-package /Users/jonniespratley/.npm/generator-angular/0.8.0/package
416 verbose tar unpack /Users/jonniespratley/.npm/generator-angular/0.8.0/package.tgz
417 silly lockFile af60ad86--generator-angular-0-8-0-package tar:///Users/jonniespratley/.npm/generator-angular/0.8.0/package
418 verbose lock tar:///Users/jonniespratley/.npm/generator-angular/0.8.0/package /Users/jonniespratley/.npm/af60ad86--generator-angular-0-8-0-package.lock
419 silly lockFile 70e8053f-erator-angular-0-8-0-package-tgz tar:///Users/jonniespratley/.npm/generator-angular/0.8.0/package.tgz
420 verbose lock tar:///Users/jonniespratley/.npm/generator-angular/0.8.0/package.tgz /Users/jonniespratley/.npm/70e8053f-erator-angular-0-8-0-package-tgz.lock
421 silly gunzTarPerm modes [ '755', '644' ]
422 silly gunzTarPerm extractEntry package.json
423 silly gunzTarPerm extractEntry .npmignore
424 silly gunzTarPerm extractEntry Gruntfile.js
425 silly gunzTarPerm extractEntry script-base.js
426 silly gunzTarPerm extractEntry util.js
427 silly gunzTarPerm extractEntry factory/index.js
428 silly gunzTarPerm extractEntry factory/USAGE
429 silly gunzTarPerm extractEntry .jshintrc
430 silly gunzTarPerm extractEntry app/index.js
431 silly gunzTarPerm extractEntry app/USAGE
432 silly gunzTarPerm extractEntry app/index.js.orig
433 silly gunzTarPerm extractEntry app/templates/fonts/glyphicons-halflings-regular.eot
434 silly gunzTarPerm extractEntry app/templates/fonts/glyphicons-halflings-regular.svg
435 silly gunzTarPerm extractEntry app/templates/fonts/glyphicons-halflings-regular.ttf
436 silly gunzTarPerm extractEntry app/templates/fonts/glyphicons-halflings-regular.woff
437 silly gunzTarPerm extractEntry app/templates/images/yeoman.png
438 silly gunzTarPerm extractEntry app/templates/styles/main.css
439 silly gunzTarPerm extractEntry app/templates/styles/main.scss
440 silly gunzTarPerm extractEntry common/index.js
441 silly gunzTarPerm extractEntry constant/index.js
442 silly gunzTarPerm extractEntry constant/USAGE
443 silly gunzTarPerm extractEntry contributing.md
444 silly gunzTarPerm extractEntry controller/index.js
445 silly gunzTarPerm extractEntry controller/USAGE
446 silly gunzTarPerm extractEntry decorator/index.js
447 silly gunzTarPerm extractEntry decorator/USAGE
448 silly gunzTarPerm extractEntry directive/index.js
449 silly gunzTarPerm extractEntry directive/USAGE
450 silly gunzTarPerm extractEntry .gitattributes
451 silly gunzTarPerm extractEntry filter/index.js
452 silly gunzTarPerm extractEntry filter/USAGE
453 silly gunzTarPerm extractEntry main/index.js
454 silly gunzTarPerm extractEntry .editorconfig
455 silly gunzTarPerm extractEntry provider/index.js
456 silly gunzTarPerm extractEntry provider/USAGE
457 silly gunzTarPerm extractEntry readme.md
458 silly gunzTarPerm extractEntry route/index.js
459 silly gunzTarPerm extractEntry route/USAGE
460 silly gunzTarPerm extractEntry .travis.yml
461 silly gunzTarPerm extractEntry service/index.js
462 silly gunzTarPerm extractEntry service/USAGE
463 silly gunzTarPerm extractEntry templates/coffeescript/app.coffee
464 silly gunzTarPerm extractEntry templates/coffeescript/controller.coffee
465 silly gunzTarPerm extractEntry templates/coffeescript/decorator.coffee
466 silly gunzTarPerm extractEntry templates/coffeescript/directive.coffee
467 silly gunzTarPerm extractEntry templates/coffeescript/filter.coffee
468 silly gunzTarPerm extractEntry templates/coffeescript/service/constant.coffee
469 silly gunzTarPerm extractEntry templates/coffeescript/service/factory.coffee
470 silly gunzTarPerm extractEntry templates/coffeescript/service/provider.coffee
471 silly gunzTarPerm extractEntry templates/coffeescript/service/service.coffee
472 silly gunzTarPerm extractEntry templates/coffeescript/service/value.coffee
473 silly gunzTarPerm extractEntry templates/coffeescript/spec/controller.coffee
474 silly gunzTarPerm extractEntry templates/coffeescript/spec/directive.coffee
475 silly gunzTarPerm extractEntry templates/coffeescript/spec/filter.coffee
476 silly gunzTarPerm extractEntry templates/coffeescript/spec/service.coffee
477 silly gunzTarPerm extractEntry templates/common/Gruntfile.js
478 silly gunzTarPerm extractEntry templates/common/_bower.json
479 silly gunzTarPerm extractEntry templates/common/_package.json
480 silly gunzTarPerm extractEntry templates/common/gitignore
481 silly gunzTarPerm extractEntry templates/common/index.html
482 silly gunzTarPerm extractEntry templates/common/root/.bowerrc
483 silly gunzTarPerm extractEntry templates/common/root/.editorconfig
484 silly gunzTarPerm extractEntry templates/common/root/.gitattributes
485 silly gunzTarPerm extractEntry templates/common/root/.jshintrc
486 silly gunzTarPerm extractEntry templates/common/root/app/.buildignore
487 silly gunzTarPerm extractEntry templates/common/root/app/.htaccess
488 silly gunzTarPerm extractEntry templates/common/root/app/404.html
489 silly gunzTarPerm extractEntry templates/common/root/app/favicon.ico
490 silly gunzTarPerm extractEntry templates/common/root/app/robots.txt
491 silly gunzTarPerm extractEntry templates/common/root/app/views/main.html
492 silly gunzTarPerm extractEntry templates/common/root/test/.jshintrc
493 silly gunzTarPerm extractEntry templates/common/root/test/runner.html
494 silly gunzTarPerm extractEntry templates/common/view.html
495 silly gunzTarPerm extractEntry templates/javascript/app.js
496 silly gunzTarPerm extractEntry templates/javascript/controller.js
497 silly gunzTarPerm extractEntry templates/javascript/decorator.js
498 silly gunzTarPerm extractEntry templates/javascript/directive.js
499 silly gunzTarPerm extractEntry templates/javascript/filter.js
500 silly gunzTarPerm extractEntry templates/javascript/service/constant.js
501 silly gunzTarPerm extractEntry templates/javascript/service/factory.js
502 silly gunzTarPerm extractEntry templates/javascript/service/provider.js
503 silly gunzTarPerm extractEntry templates/javascript/service/service.js
504 silly gunzTarPerm extractEntry templates/javascript/service/value.js
505 silly gunzTarPerm extractEntry templates/javascript/spec/controller.js
506 silly gunzTarPerm extractEntry templates/javascript/spec/directive.js
507 silly gunzTarPerm extractEntry templates/javascript/spec/filter.js
508 silly gunzTarPerm extractEntry templates/javascript/spec/service.js
509 silly gunzTarPerm extractEntry test/test-appname-substitution.js
510 silly gunzTarPerm extractEntry test/test-file-creation.js
511 silly gunzTarPerm extractEntry CHANGELOG.md
512 silly gunzTarPerm extractEntry value/index.js
513 silly gunzTarPerm extractEntry value/USAGE
514 silly gunzTarPerm extractEntry view/index.js
515 silly gunzTarPerm extractEntry view/USAGE
516 silly lockFile af60ad86--generator-angular-0-8-0-package tar:///Users/jonniespratley/.npm/generator-angular/0.8.0/package
517 silly lockFile af60ad86--generator-angular-0-8-0-package tar:///Users/jonniespratley/.npm/generator-angular/0.8.0/package
518 silly lockFile 70e8053f-erator-angular-0-8-0-package-tgz tar:///Users/jonniespratley/.npm/generator-angular/0.8.0/package.tgz
519 silly lockFile 70e8053f-erator-angular-0-8-0-package-tgz tar:///Users/jonniespratley/.npm/generator-angular/0.8.0/package.tgz
520 verbose chmod /Users/jonniespratley/.npm/generator-angular/0.8.0/package.tgz 644
521 verbose chown /Users/jonniespratley/.npm/generator-angular/0.8.0/package.tgz [ 501, 20 ]
522 silly lockFile 81dc0b01-ular-generator-angular-0-8-0-tgz https://registry.npmjs.org/generator-angular/-/generator-angular-0.8.0.tgz
523 silly lockFile 81dc0b01-ular-generator-angular-0-8-0-tgz https://registry.npmjs.org/generator-angular/-/generator-angular-0.8.0.tgz
524 silly lockFile bc782c38-generator-angular-0-8-0 generator-angular@0.8.0
525 silly lockFile bc782c38-generator-angular-0-8-0 generator-angular@0.8.0
526 silly resolved [ { name: 'generator-angular',
526 silly resolved     version: '0.8.0',
526 silly resolved     description: 'Yeoman generator for AngularJS',
526 silly resolved     keywords:
526 silly resolved      [ 'yeoman-generator',
526 silly resolved        'scaffold',
526 silly resolved        'framework',
526 silly resolved        'component',
526 silly resolved        'front-end',
526 silly resolved        'app',
526 silly resolved        'angular' ],
526 silly resolved     author: { name: 'The Yeoman Team' },
526 silly resolved     main: 'app/index.js',
526 silly resolved     repository:
526 silly resolved      { type: 'git',
526 silly resolved        url: 'git://github.com/yeoman/generator-angular' },
526 silly resolved     scripts: { test: 'mocha' },
526 silly resolved     dependencies:
526 silly resolved      { chalk: '~0.4.0',
526 silly resolved        wiredep: '~1.0.0',
526 silly resolved        'yeoman-generator': '~0.16.0' },
526 silly resolved     peerDependencies: { 'generator-karma': '>=0.6.0', yo: '>=1.0.0' },
526 silly resolved     devDependencies:
526 silly resolved      { grunt: '~0.4.1',
526 silly resolved        'grunt-contrib-jshint': '~0.8.0',
526 silly resolved        'grunt-conventional-changelog': '~1.0.0',
526 silly resolved        'grunt-release': '~0.6.0',
526 silly resolved        'load-grunt-tasks': '~0.3.0',
526 silly resolved        marked: '~0.2.8',
526 silly resolved        mocha: '*',
526 silly resolved        semver: '~2.2.1',
526 silly resolved        'underscore.string': '~2.3.1' },
526 silly resolved     engines: { node: '>=0.10.0', npm: '>=1.2.10' },
526 silly resolved     licenses: [ [Object] ],
526 silly resolved     readme: '# AngularJS generator [![Build Status](https://secure.travis-ci.org/yeoman/generator-angular.png?branch=master)](http://travis-ci.org/yeoman/generator-angular) [![Built with Grunt](https://cdn.gruntjs.com/builtwith.png)](http://gruntjs.com/)\n\n> Yeoman generator for AngularJS - lets you quickly set up a project with sensible defaults and best practises.\n\n\n## Usage\n\nInstall `generator-angular`:\n```\nnpm install -g generator-angular\n```\n\nMake a new directory, and `cd` into it:\n```\nmkdir my-new-project && cd $_\n```\n\nRun `yo angular`, optionally passing an app name:\n```\nyo angular [app-name]\n```\n\nRun `grunt` for building and `grunt serve` for preview\n\n\n## Generators\n\nAvailable generators:\n\n* [angular](#app) (aka [angular:app](#app))\n* [angular:controller](#controller)\n* [angular:directive](#directive)\n* [angular:filter](#filter)\n* [angular:route](#route)\n* [angular:service](#service)\n* [angular:provider](#service)\n* [angular:factory](#service)\n* [angular:value](#service)\n* [angular:constant](#service)\n* [angular:decorator] (#decorator)\n* [angular:view](#view)\n\n**Note: Generators are to be run from the root directory of your app.**\n\n### App\nSets up a new AngularJS app, generating all the boilerplate you need to get started. The app generator also optionally installs Bootstrap and additional AngularJS modules, such as angular-resource (installed by default).\n\nExample:\n```bash\nyo angular\n```\n\n### Route\nGenerates a controller and view, and configures a route in `app/scripts/app.js` connecting them.\n\nExample:\n```bash\nyo angular:route myroute\n```\n\nProduces `app/scripts/controllers/myroute.js`:\n```javascript\nangular.module(\'myMod\').controller(\'MyrouteCtrl\', function ($scope) {\n  // ...\n});\n```\n\nProduces `app/views/myroute.html`:\n```html\n<p>This is the myroute view</p>\n```\n\n### Controller\nGenerates a controller in `app/scripts/controllers`.\n\nExample:\n```bash\nyo angular:controller user\n```\n\nProduces `app/scripts/controllers/user.js`:\n```javascript\nangular.module(\'myMod\').controller(\'UserCtrl\', function ($scope) {\n  // ...\n});\n```\n### Directive\nGenerates a directive in `app/scripts/directives`.\n\nExample:\n```bash\nyo angular:directive myDirective\n```\n\nProduces `app/scripts/directives/myDirective.js`:\n```javascript\nangular.module(\'myMod\').directive(\'myDirective\', function () {\n  return {\n    template: \'<div></div>\',\n    restrict: \'E\',\n    link: function postLink(scope, element, attrs) {\n      element.text(\'this is the myDirective directive\');\n    }\n  };\n});\n```\n\n### Filter\nGenerates a filter in `app/scripts/filters`.\n\nExample:\n```bash\nyo angular:filter myFilter\n```\n\nProduces `app/scripts/filters/myFilter.js`:\n```javascript\nangular.module(\'myMod\').filter(\'myFilter\', function () {\n  return function (input) {\n    return \'myFilter filter:\' + input;\n  };\n});\n```\n\n### View\nGenerates an HTML view file in `app/views`.\n\nExample:\n```bash\nyo angular:view user\n```\n\nProduces `app/views/user.html`:\n```html\n<p>This is the user view</p>\n```\n\n### Service\nGenerates an AngularJS service.\n\nExample:\n```bash\nyo angular:service myService\n```\n\nProduces `app/scripts/services/myService.js`:\n```javascript\nangular.module(\'myMod\').service(\'myService\', function () {\n  // ...\n});\n```\n\nYou can also do `yo angular:factory`, `yo angular:provider`, `yo angular:value`, and `yo angular:constant` for other types of services.\n\n### Decorator\nGenerates an AngularJS service decorator.\n\nExample:\n```bash\nyo angular:decorator serviceName\n```\n\nProduces `app/scripts/decorators/serviceNameDecorator.js`:\n```javascript\nangular.module(\'myMod\').config(function ($provide) {\n    $provide.decorator(\'serviceName\', function ($delegate) {\n      // ...\n      return $delegate;\n    });\n  });\n```\n\n## Options\nIn general, these options can be applied to any generator, though they only affect generators that produce scripts.\n\n### CoffeeScript\nFor generators that output scripts, the `--coffee` option will output CoffeeScript instead of JavaScript.\n\nFor example:\n```bash\nyo angular:controller user --coffee\n```\n\nProduces `app/scripts/controller/user.coffee`:\n```coffeescript\nangular.module(\'myMod\')\n  .controller \'UserCtrl\', ($scope) ->\n```\n\nA project can mix CoffeScript and JavaScript files.\n\nTo output JavaScript files, even if CoffeeScript files exist (the default is to output CoffeeScript files if the generator finds any in the project), use `--coffee=false`.\n\n### Minification Safe\n\n**Removed**\n\n[Related Issue #452](https://github.com/yeoman/generator-angular/issues/452): This option has been removed from the generator. Initially it was needed as ngMin was not entirely stable. As it has matured, the need to keep separate versions of the script templates has led to extra complexity and maintenance of the generator. By removing these extra burdens, new features and bug fixes should be easier to implement. If you are dependent on this option, please take a look at ngMin and seriously consider implementing it in your own code. It will help reduce the amount of typing you have to do (and look through) as well as make your code cleaner to look at.\n\nBy default, generators produce unannotated code. Without annotations, AngularJS\'s DI system will break when minified. Typically, these annotations that make minification safe are added automatically at build-time, after application files are concatenated, but before they are minified. The annotations are important because minified code will rename variables, making it impossible for AngularJS to infer module names based solely on function parameters.\n\nThe recommended build process uses `ngmin`, a tool that automatically adds these annotations. However, if you\'d rather not use `ngmin`, you have to add these annotations manually yourself. **One thing to note is that `ngmin` does not produce minsafe code for things that are not main level elements like controller, services, providers, etc.:\n\n```javascript\nresolve: {\n  User: function(myService) {\n    return MyService();\n  }\n}\n```\n\nwill need to be manually done like so:\n```javascript\nresolve: {\n  User: [\'myService\', function(myService) {\n    return MyService();\n  }]\n}\n```\n\n\n### Add to Index\nBy default, new scripts are added to the index.html file. However, this may not always be suitable. Some use cases:\n\n* Manually added to the file\n* Auto-added by a 3rd party plugin\n* Using this generator as a subgenerator\n\nTo skip adding them to the index, pass in the skip-add argument:\n```bash\nyo angular:service serviceName --skip-add\n```\n\n## Bower Components\n\nThe following packages are always installed by the [app](#app) generator:\n\n* angular\n* angular-mocks\n* angular-scenario\n\n\nThe following additional modules are available as components on bower, and installable via `bower install`:\n\n* angular-cookies\n* angular-loader\n* angular-resource\n* angular-sanitize\n\nAll of these can be updated with `bower update` as new versions of AngularJS are released.\n\n## Configuration\nYeoman generated projects can be further tweaked according to your needs by modifying project files appropriately.\n\n### Output\nYou can change the `app` directory by adding a `appPath` property to `bower.json`. For instance, if you wanted to easily integrate with Express.js, you could add the following:\n\n```json\n{\n  "name": "yo-test",\n  "version": "0.0.0",\n  ...\n  "appPath": "public"\n}\n\n```\nThis will cause Yeoman-generated client-side files to be placed in `public`.\n\n## Testing\n\nRunning `grunt test` will run the unit tests with karma.\n\n## Contribute\n\nSee the [contributing docs](https://github.com/yeoman/yeoman/blob/master/contributing.md)\n\nWhen submitting an issue, please follow the [guidelines](https://github.com/yeoman/yeoman/blob/master/contributing.md#issue-submission). Especially important is to make sure Yeoman is up-to-date, and providing the command or commands that cause the issue.\n\nWhen submitting a PR, make sure that the commit messages match the [AngularJS conventions](https://docs.google.com/document/d/1QrDFcIiPjSLDn3EL15IJygNPiHORgU1_OOAqWjiDU5Y/).\n\nWhen submitting a bugfix, write a test that exposes the bug and fails before applying your fix. Submit the test alongside the fix.\n\nWhen submitting a new feature, add tests that cover the feature.\n\n## License\n\n[BSD license](http://opensource.org/licenses/bsd-license.php)\n',
526 silly resolved     readmeFilename: 'readme.md',
526 silly resolved     bugs: { url: 'https://github.com/yeoman/generator-angular/issues' },
526 silly resolved     homepage: 'https://github.com/yeoman/generator-angular',
526 silly resolved     _id: 'generator-angular@0.8.0',
526 silly resolved     dist: { shasum: 'c2115b1a7a304b884b7f8857cade77dc36b63d13' },
526 silly resolved     _from: 'generator-angular@0.8.0',
526 silly resolved     _resolved: 'https://registry.npmjs.org/generator-angular/-/generator-angular-0.8.0.tgz' } ]
527 info install generator-angular@0.8.0 into /usr/local/lib
528 info installOne generator-angular@0.8.0
529 info /usr/local/lib/node_modules/generator-angular unbuild
530 info preuninstall generator-angular@0.7.1
531 info uninstall generator-angular@0.7.1
532 verbose true,/usr/local/lib/node_modules,/usr/local/lib/node_modules unbuild generator-angular@0.7.1
533 info postuninstall generator-angular@0.7.1
534 info /usr/local/lib/node_modules/generator-angular unbuild
535 info preuninstall generator-angular@0.7.1
536 info uninstall generator-angular@0.7.1
537 verbose true,/usr/local/lib/node_modules,/usr/local/lib/node_modules unbuild generator-angular@0.7.1
538 info postuninstall generator-angular@0.7.1
539 error error rolling back Error: EACCES, unlink '/usr/local/lib/node_modules/generator-angular/.editorconfig'
539 error error rolling back  generator-angular@0.8.0 { [Error: EACCES, unlink '/usr/local/lib/node_modules/generator-angular/.editorconfig']
539 error error rolling back   errno: 3,
539 error error rolling back   code: 'EACCES',
539 error error rolling back   path: '/usr/local/lib/node_modules/generator-angular/.editorconfig' }
540 error Error: EACCES, unlink '/usr/local/lib/node_modules/generator-angular/.editorconfig'
540 error  { [Error: EACCES, unlink '/usr/local/lib/node_modules/generator-angular/.editorconfig']
540 error   errno: 3,
540 error   code: 'EACCES',
540 error   path: '/usr/local/lib/node_modules/generator-angular/.editorconfig' }
541 error Please try running this command again as root/Administrator.
542 error System Darwin 13.1.0
543 error command "node" "/usr/local/bin/npm" "update" "-g" "generator-angular"
544 error cwd /WWW/Learning_Yeoman/generator-jps-site
545 error node -v v0.10.24
546 error npm -v 1.3.21
547 error path /usr/local/lib/node_modules/generator-angular/.editorconfig
548 error code EACCES
549 error errno 3
550 error stack Error: EACCES, unlink '/usr/local/lib/node_modules/generator-angular/.editorconfig'
551 verbose exit [ 3, true ]
